  stdafx.cpp
  RecurrentUnit.cpp
c:\users\joeyj\onedrive\documents\visual studio 2015\projects\jas_matrices\jas_matrices\matrix_operations.h(146): warning C4244: 'initializing': conversion from 'double' to 'int', possible loss of data
c:\users\joeyj\onedrive\documents\visual studio 2015\projects\jas_matrices\jas_matrices\matrix_operations.h(148): warning C4244: 'initializing': conversion from 'double' to 'int', possible loss of data
c:\users\joeyj\onedrive\documents\visual studio 2015\projects\jas_matrices\jas_matrices\matrix_operations.h(196): warning C4244: 'initializing': conversion from 'double' to 'int', possible loss of data
  NeuralNetwork.cpp
c:\users\joeyj\onedrive\documents\visual studio 2015\projects\jas_matrices\jas_matrices\matrix_operations.h(146): warning C4244: 'initializing': conversion from 'double' to 'int', possible loss of data
c:\users\joeyj\onedrive\documents\visual studio 2015\projects\jas_matrices\jas_matrices\matrix_operations.h(148): warning C4244: 'initializing': conversion from 'double' to 'int', possible loss of data
c:\users\joeyj\onedrive\documents\visual studio 2015\projects\jas_matrices\jas_matrices\matrix_operations.h(196): warning C4244: 'initializing': conversion from 'double' to 'int', possible loss of data
c:\users\joeyj\onedrive\documents\visual studio 2015\projects\neuralnetworks\neuralnetworks\neuralnetwork.cpp(139): warning C4267: 'initializing': conversion from 'size_t' to 'int', possible loss of data
  main.cpp
c:\users\joeyj\onedrive\documents\visual studio 2015\projects\jas_matrices\jas_matrices\matrix_operations.h(146): warning C4244: 'initializing': conversion from 'double' to 'int', possible loss of data
c:\users\joeyj\onedrive\documents\visual studio 2015\projects\jas_matrices\jas_matrices\matrix_operations.h(148): warning C4244: 'initializing': conversion from 'double' to 'int', possible loss of data
c:\users\joeyj\onedrive\documents\visual studio 2015\projects\jas_matrices\jas_matrices\matrix_operations.h(196): warning C4244: 'initializing': conversion from 'double' to 'int', possible loss of data
  LSTM.cpp
c:\users\joeyj\onedrive\documents\visual studio 2015\projects\jas_matrices\jas_matrices\matrix_operations.h(146): warning C4244: 'initializing': conversion from 'double' to 'int', possible loss of data
c:\users\joeyj\onedrive\documents\visual studio 2015\projects\jas_matrices\jas_matrices\matrix_operations.h(148): warning C4244: 'initializing': conversion from 'double' to 'int', possible loss of data
c:\users\joeyj\onedrive\documents\visual studio 2015\projects\jas_matrices\jas_matrices\matrix_operations.h(196): warning C4244: 'initializing': conversion from 'double' to 'int', possible loss of data
  GRU.cpp
c:\users\joeyj\onedrive\documents\visual studio 2015\projects\jas_matrices\jas_matrices\matrix_operations.h(146): warning C4244: 'initializing': conversion from 'double' to 'int', possible loss of data
c:\users\joeyj\onedrive\documents\visual studio 2015\projects\jas_matrices\jas_matrices\matrix_operations.h(148): warning C4244: 'initializing': conversion from 'double' to 'int', possible loss of data
c:\users\joeyj\onedrive\documents\visual studio 2015\projects\jas_matrices\jas_matrices\matrix_operations.h(196): warning C4244: 'initializing': conversion from 'double' to 'int', possible loss of data
  CNN.cpp
  FF_norec.cpp
c:\users\joeyj\onedrive\documents\visual studio 2015\projects\jas_matrices\jas_matrices\matrix_operations.h(146): warning C4244: 'initializing': conversion from 'double' to 'int', possible loss of data
c:\users\joeyj\onedrive\documents\visual studio 2015\projects\jas_matrices\jas_matrices\matrix_operations.h(148): warning C4244: 'initializing': conversion from 'double' to 'int', possible loss of data
c:\users\joeyj\onedrive\documents\visual studio 2015\projects\jas_matrices\jas_matrices\matrix_operations.h(196): warning C4244: 'initializing': conversion from 'double' to 'int', possible loss of data
  FeedForward.cpp
c:\users\joeyj\onedrive\documents\visual studio 2015\projects\jas_matrices\jas_matrices\matrix_operations.h(146): warning C4244: 'initializing': conversion from 'double' to 'int', possible loss of data
c:\users\joeyj\onedrive\documents\visual studio 2015\projects\jas_matrices\jas_matrices\matrix_operations.h(148): warning C4244: 'initializing': conversion from 'double' to 'int', possible loss of data
c:\users\joeyj\onedrive\documents\visual studio 2015\projects\jas_matrices\jas_matrices\matrix_operations.h(196): warning C4244: 'initializing': conversion from 'double' to 'int', possible loss of data
  Generating Code...
c:\users\joeyj\onedrive\documents\visual studio 2015\projects\neuralnetworks\neuralnetworks\nonlinearityfunction.h(92): warning C4715: 'nonLinearityFunct::operator()': not all control paths return a value
c:\users\joeyj\onedrive\documents\visual studio 2015\projects\neuralnetworks\neuralnetworks\nonlinearityfunction.h(111): warning C4715: 'nonLinearityFunct::d': not all control paths return a value
c:\users\joeyj\onedrive\documents\visual studio 2015\projects\neuralnetworks\neuralnetworks\nonlinearityfunction.h(92): warning C4715: 'nonLinearityFunct::operator()': not all control paths return a value
c:\users\joeyj\onedrive\documents\visual studio 2015\projects\neuralnetworks\neuralnetworks\nonlinearityfunction.h(111): warning C4715: 'nonLinearityFunct::d': not all control paths return a value
c:\users\joeyj\onedrive\documents\visual studio 2015\projects\neuralnetworks\neuralnetworks\nonlinearityfunction.h(92): warning C4715: 'nonLinearityFunct::operator()': not all control paths return a value
c:\users\joeyj\onedrive\documents\visual studio 2015\projects\neuralnetworks\neuralnetworks\nonlinearityfunction.h(111): warning C4715: 'nonLinearityFunct::d': not all control paths return a value
c:\users\joeyj\onedrive\documents\visual studio 2015\projects\neuralnetworks\neuralnetworks\nonlinearityfunction.h(92): warning C4715: 'nonLinearityFunct::operator()': not all control paths return a value
c:\users\joeyj\onedrive\documents\visual studio 2015\projects\neuralnetworks\neuralnetworks\nonlinearityfunction.h(120): warning C4715: 'nonLinearityFunct::nonLin': not all control paths return a value
c:\users\joeyj\onedrive\documents\visual studio 2015\projects\neuralnetworks\neuralnetworks\nonlinearityfunction.h(111): warning C4715: 'nonLinearityFunct::d': not all control paths return a value
c:\users\joeyj\onedrive\documents\visual studio 2015\projects\neuralnetworks\neuralnetworks\neuralnetwork.cpp(39): warning C4715: 'NeuralNetwork::forwardPropagation_express': not all control paths return a value
c:\users\joeyj\onedrive\documents\visual studio 2015\projects\neuralnetworks\neuralnetworks\neuralnetwork.cpp(74): warning C4715: 'NeuralNetwork::backwardPropagation': not all control paths return a value
c:\users\joeyj\onedrive\documents\visual studio 2015\projects\neuralnetworks\neuralnetworks\neuralnetwork.cpp(86): warning C4715: 'NeuralNetwork::backwardPropagation_ThroughTime': not all control paths return a value
c:\users\joeyj\onedrive\documents\visual studio 2015\projects\neuralnetworks\neuralnetworks\neuralnetwork.cpp(206): warning C4715: 'NeuralNetwork::readLayer': not all control paths return a value
c:\users\joeyj\onedrive\documents\visual studio 2015\projects\neuralnetworks\neuralnetworks\nonlinearityfunction.h(92): warning C4715: 'nonLinearityFunct::operator()': not all control paths return a value
c:\users\joeyj\onedrive\documents\visual studio 2015\projects\neuralnetworks\neuralnetworks\nonlinearityfunction.h(111): warning C4715: 'nonLinearityFunct::d': not all control paths return a value
  NeuralNetworks.vcxproj -> C:\Users\joeyj\OneDrive\Documents\Visual Studio 2015\Projects\NeuralNetworks\x64\Debug\NeuralNetworks.exe
  NeuralNetworks.vcxproj -> C:\Users\joeyj\OneDrive\Documents\Visual Studio 2015\Projects\NeuralNetworks\x64\Debug\NeuralNetworks.pdb (Full PDB)
